--- Copying files at Fri Nov 29 15:41:51 UTC 2024
--- Copied files finished at Fri Nov 29 15:41:51 UTC 2024
--- Copying files at Sat Nov 30 06:41:14 UTC 2024
--- Copied files finished at Sat Nov 30 06:41:14 UTC 2024
--- Copying files at Sat Nov 30 06:43:57 UTC 2024
--- Copied files finished at Sat Nov 30 06:43:57 UTC 2024
--- Copying files at Sat Nov 30 07:38:56 UTC 2024
--- Copied files finished at Sat Nov 30 07:38:56 UTC 2024
--- Copying files at Mon Dec  2 09:32:44 UTC 2024
--- Copied files finished at Mon Dec  2 09:32:44 UTC 2024
--- Copying files at Tue Dec  3 10:20:43 UTC 2024
--- Copied files finished at Tue Dec  3 10:20:43 UTC 2024
--- Copying files at Wed Dec 11 04:15:07 UTC 2024
--- Copied files finished at Wed Dec 11 04:15:07 UTC 2024
--- Copying files at Wed Dec 11 10:10:56 UTC 2024
--- Copied files finished at Wed Dec 11 10:10:56 UTC 2024
--- Copying files at Thu Dec 12 08:25:28 UTC 2024
--- Copied files finished at Thu Dec 12 08:25:28 UTC 2024
--- Copying files at Thu Dec 12 08:31:26 UTC 2024
--- Copied files finished at Thu Dec 12 08:31:26 UTC 2024
--- Copying files at Wed Dec 18 09:14:56 UTC 2024
--- Copied files finished at Wed Dec 18 09:14:56 UTC 2024
